{"D:\\Escritorio\\Node\\challenge\\config\\db.js": {"path":"D:\\Escritorio\\Node\\challenge\\config\\db.js","statementMap":{"0":{"start":{"line":1,"column":0},"end":{"line":13,"column":4}}},"fnMap":{},"branchMap":{},"s":{"0":3},"f":{},"b":{},"_coverageSchema":"1a1c01bbd47fc00a2c39e90264f33305004495a9","hash":"b2fed5d5132d8431b1024fae71096c77c24ffe4b"}
,"D:\\Escritorio\\Node\\challenge\\controllers\\comment_controller.js": {"path":"D:\\Escritorio\\Node\\challenge\\controllers\\comment_controller.js","statementMap":{"0":{"start":{"line":1,"column":11},"end":{"line":1,"column":31}},"1":{"start":{"line":2,"column":12},"end":{"line":2,"column":39}},"2":{"start":{"line":3,"column":53},"end":{"line":3,"column":84}},"3":{"start":{"line":6,"column":16},"end":{"line":6,"column":27}},"4":{"start":{"line":8,"column":22},"end":{"line":35,"column":3}},"5":{"start":{"line":10,"column":22},"end":{"line":10,"column":60}},"6":{"start":{"line":11,"column":4},"end":{"line":15,"column":5}},"7":{"start":{"line":12,"column":6},"end":{"line":14,"column":7}},"8":{"start":{"line":17,"column":20},"end":{"line":22,"column":5}},"9":{"start":{"line":24,"column":4},"end":{"line":34,"column":9}},"10":{"start":{"line":26,"column":8},"end":{"line":26,"column":23}},"11":{"start":{"line":27,"column":8},"end":{"line":27,"column":62}},"12":{"start":{"line":30,"column":8},"end":{"line":33,"column":11}},"13":{"start":{"line":38,"column":3},"end":{"line":49,"column":6}},"14":{"start":{"line":39,"column":8},"end":{"line":48,"column":11}},"15":{"start":{"line":41,"column":12},"end":{"line":41,"column":27}},"16":{"start":{"line":44,"column":12},"end":{"line":47,"column":15}},"17":{"start":{"line":51,"column":4},"end":{"line":53,"column":6}},"18":{"start":{"line":55,"column":4},"end":{"line":83,"column":6}},"19":{"start":{"line":56,"column":24},"end":{"line":56,"column":62}},"20":{"start":{"line":57,"column":6},"end":{"line":61,"column":7}},"21":{"start":{"line":58,"column":8},"end":{"line":60,"column":9}},"22":{"start":{"line":62,"column":19},"end":{"line":62,"column":32}},"23":{"start":{"line":63,"column":8},"end":{"line":82,"column":11}},"24":{"start":{"line":67,"column":14},"end":{"line":76,"column":13}},"25":{"start":{"line":68,"column":16},"end":{"line":70,"column":19}},"26":{"start":{"line":71,"column":16},"end":{"line":71,"column":55}},"27":{"start":{"line":73,"column":16},"end":{"line":75,"column":19}},"28":{"start":{"line":79,"column":12},"end":{"line":81,"column":15}},"29":{"start":{"line":85,"column":4},"end":{"line":109,"column":6}},"30":{"start":{"line":86,"column":19},"end":{"line":86,"column":32}},"31":{"start":{"line":87,"column":8},"end":{"line":108,"column":13}},"32":{"start":{"line":92,"column":12},"end":{"line":102,"column":13}},"33":{"start":{"line":93,"column":14},"end":{"line":95,"column":17}},"34":{"start":{"line":96,"column":14},"end":{"line":96,"column":53}},"35":{"start":{"line":99,"column":14},"end":{"line":101,"column":17}},"36":{"start":{"line":105,"column":12},"end":{"line":107,"column":15}},"37":{"start":{"line":112,"column":0},"end":{"line":118,"column":1}}},"fnMap":{"0":{"name":"(anonymous_0)","decl":{"start":{"line":8,"column":22},"end":{"line":8,"column":23}},"loc":{"start":{"line":8,"column":36},"end":{"line":35,"column":3}},"line":8},"1":{"name":"(anonymous_1)","decl":{"start":{"line":25,"column":12},"end":{"line":25,"column":13}},"loc":{"start":{"line":25,"column":20},"end":{"line":28,"column":7}},"line":25},"2":{"name":"(anonymous_2)","decl":{"start":{"line":29,"column":13},"end":{"line":29,"column":14}},"loc":{"start":{"line":29,"column":20},"end":{"line":34,"column":7}},"line":29},"3":{"name":"(anonymous_3)","decl":{"start":{"line":38,"column":20},"end":{"line":38,"column":21}},"loc":{"start":{"line":38,"column":34},"end":{"line":49,"column":5}},"line":38},"4":{"name":"(anonymous_4)","decl":{"start":{"line":40,"column":18},"end":{"line":40,"column":19}},"loc":{"start":{"line":40,"column":26},"end":{"line":42,"column":13}},"line":40},"5":{"name":"(anonymous_5)","decl":{"start":{"line":43,"column":19},"end":{"line":43,"column":20}},"loc":{"start":{"line":43,"column":26},"end":{"line":48,"column":9}},"line":43},"6":{"name":"(anonymous_6)","decl":{"start":{"line":51,"column":21},"end":{"line":51,"column":22}},"loc":{"start":{"line":51,"column":35},"end":{"line":53,"column":5}},"line":51},"7":{"name":"(anonymous_7)","decl":{"start":{"line":55,"column":20},"end":{"line":55,"column":21}},"loc":{"start":{"line":55,"column":34},"end":{"line":83,"column":5}},"line":55},"8":{"name":"(anonymous_8)","decl":{"start":{"line":66,"column":18},"end":{"line":66,"column":19}},"loc":{"start":{"line":66,"column":25},"end":{"line":77,"column":13}},"line":66},"9":{"name":"(anonymous_9)","decl":{"start":{"line":78,"column":19},"end":{"line":78,"column":20}},"loc":{"start":{"line":78,"column":26},"end":{"line":82,"column":9}},"line":78},"10":{"name":"(anonymous_10)","decl":{"start":{"line":85,"column":20},"end":{"line":85,"column":21}},"loc":{"start":{"line":85,"column":34},"end":{"line":109,"column":5}},"line":85},"11":{"name":"(anonymous_11)","decl":{"start":{"line":90,"column":16},"end":{"line":90,"column":17}},"loc":{"start":{"line":90,"column":23},"end":{"line":103,"column":11}},"line":90},"12":{"name":"(anonymous_12)","decl":{"start":{"line":104,"column":17},"end":{"line":104,"column":18}},"loc":{"start":{"line":104,"column":24},"end":{"line":108,"column":11}},"line":104}},"branchMap":{"0":{"loc":{"start":{"line":11,"column":4},"end":{"line":15,"column":5}},"type":"if","locations":[{"start":{"line":11,"column":4},"end":{"line":15,"column":5}},{"start":{},"end":{}}],"line":11},"1":{"loc":{"start":{"line":32,"column":12},"end":{"line":32,"column":77}},"type":"binary-expr","locations":[{"start":{"line":32,"column":12},"end":{"line":32,"column":23}},{"start":{"line":32,"column":27},"end":{"line":32,"column":77}}],"line":32},"2":{"loc":{"start":{"line":46,"column":16},"end":{"line":46,"column":80}},"type":"binary-expr","locations":[{"start":{"line":46,"column":16},"end":{"line":46,"column":27}},{"start":{"line":46,"column":31},"end":{"line":46,"column":80}}],"line":46},"3":{"loc":{"start":{"line":57,"column":6},"end":{"line":61,"column":7}},"type":"if","locations":[{"start":{"line":57,"column":6},"end":{"line":61,"column":7}},{"start":{},"end":{}}],"line":57},"4":{"loc":{"start":{"line":67,"column":14},"end":{"line":76,"column":13}},"type":"if","locations":[{"start":{"line":67,"column":14},"end":{"line":76,"column":13}},{"start":{"line":72,"column":19},"end":{"line":76,"column":13}}],"line":67},"5":{"loc":{"start":{"line":92,"column":12},"end":{"line":102,"column":13}},"type":"if","locations":[{"start":{"line":92,"column":12},"end":{"line":102,"column":13}},{"start":{"line":98,"column":19},"end":{"line":102,"column":13}}],"line":92}},"s":{"0":3,"1":3,"2":3,"3":3,"4":3,"5":1,"6":1,"7":0,"8":1,"9":0,"10":0,"11":0,"12":0,"13":3,"14":0,"15":0,"16":0,"17":3,"18":3,"19":0,"20":0,"21":0,"22":0,"23":0,"24":0,"25":0,"26":0,"27":0,"28":0,"29":3,"30":0,"31":0,"32":0,"33":0,"34":0,"35":0,"36":0,"37":3},"f":{"0":1,"1":0,"2":0,"3":0,"4":0,"5":0,"6":0,"7":0,"8":0,"9":0,"10":0,"11":0,"12":0},"b":{"0":[0,1],"1":[0,0],"2":[0,0],"3":[0,0],"4":[0,0],"5":[0,0]},"_coverageSchema":"1a1c01bbd47fc00a2c39e90264f33305004495a9","hash":"68b52c823df901ff83a97f9b6e4bfc5cd659799c"}
,"D:\\Escritorio\\Node\\challenge\\controllers\\log_controller.js": {"path":"D:\\Escritorio\\Node\\challenge\\controllers\\log_controller.js","statementMap":{"0":{"start":{"line":1,"column":11},"end":{"line":1,"column":31}},"1":{"start":{"line":2,"column":12},"end":{"line":2,"column":19}},"2":{"start":{"line":4,"column":18},"end":{"line":19,"column":1}},"3":{"start":{"line":5,"column":14},"end":{"line":10,"column":13}},"4":{"start":{"line":12,"column":4},"end":{"line":18,"column":7}},"5":{"start":{"line":14,"column":6},"end":{"line":14,"column":15}},"6":{"start":{"line":17,"column":6},"end":{"line":17,"column":14}},"7":{"start":{"line":21,"column":0},"end":{"line":32,"column":2}},"8":{"start":{"line":22,"column":2},"end":{"line":31,"column":5}},"9":{"start":{"line":24,"column":6},"end":{"line":24,"column":21}},"10":{"start":{"line":27,"column":6},"end":{"line":30,"column":9}},"11":{"start":{"line":34,"column":0},"end":{"line":34,"column":42}}},"fnMap":{"0":{"name":"(anonymous_0)","decl":{"start":{"line":4,"column":18},"end":{"line":4,"column":19}},"loc":{"start":{"line":4,"column":55},"end":{"line":19,"column":1}},"line":4},"1":{"name":"(anonymous_1)","decl":{"start":{"line":13,"column":10},"end":{"line":13,"column":11}},"loc":{"start":{"line":13,"column":18},"end":{"line":15,"column":5}},"line":13},"2":{"name":"(anonymous_2)","decl":{"start":{"line":16,"column":11},"end":{"line":16,"column":12}},"loc":{"start":{"line":16,"column":18},"end":{"line":18,"column":5}},"line":16},"3":{"name":"(anonymous_3)","decl":{"start":{"line":21,"column":14},"end":{"line":21,"column":15}},"loc":{"start":{"line":21,"column":28},"end":{"line":32,"column":1}},"line":21},"4":{"name":"(anonymous_4)","decl":{"start":{"line":23,"column":12},"end":{"line":23,"column":13}},"loc":{"start":{"line":23,"column":20},"end":{"line":25,"column":7}},"line":23},"5":{"name":"(anonymous_5)","decl":{"start":{"line":26,"column":13},"end":{"line":26,"column":14}},"loc":{"start":{"line":26,"column":20},"end":{"line":31,"column":3}},"line":26}},"branchMap":{"0":{"loc":{"start":{"line":29,"column":10},"end":{"line":29,"column":68}},"type":"binary-expr","locations":[{"start":{"line":29,"column":10},"end":{"line":29,"column":21}},{"start":{"line":29,"column":25},"end":{"line":29,"column":68}}],"line":29}},"s":{"0":3,"1":3,"2":3,"3":0,"4":0,"5":0,"6":0,"7":3,"8":0,"9":0,"10":0,"11":3},"f":{"0":0,"1":0,"2":0,"3":0,"4":0,"5":0},"b":{"0":[0,0]},"_coverageSchema":"1a1c01bbd47fc00a2c39e90264f33305004495a9","hash":"2704c5c9695b64cbc415b4526ca5f48fe5b61922"}
,"D:\\Escritorio\\Node\\challenge\\controllers\\post_controller.js": {"path":"D:\\Escritorio\\Node\\challenge\\controllers\\post_controller.js","statementMap":{"0":{"start":{"line":1,"column":29},"end":{"line":1,"column":60}},"1":{"start":{"line":2,"column":11},"end":{"line":2,"column":31}},"2":{"start":{"line":3,"column":12},"end":{"line":3,"column":39}},"3":{"start":{"line":5,"column":13},"end":{"line":5,"column":21}},"4":{"start":{"line":7,"column":19},"end":{"line":32,"column":3}},"5":{"start":{"line":9,"column":22},"end":{"line":9,"column":57}},"6":{"start":{"line":10,"column":4},"end":{"line":14,"column":5}},"7":{"start":{"line":11,"column":6},"end":{"line":13,"column":7}},"8":{"start":{"line":16,"column":17},"end":{"line":19,"column":5}},"9":{"start":{"line":21,"column":4},"end":{"line":31,"column":9}},"10":{"start":{"line":23,"column":8},"end":{"line":23,"column":23}},"11":{"start":{"line":24,"column":8},"end":{"line":24,"column":52}},"12":{"start":{"line":27,"column":8},"end":{"line":30,"column":11}},"13":{"start":{"line":34,"column":4},"end":{"line":45,"column":6}},"14":{"start":{"line":35,"column":8},"end":{"line":44,"column":11}},"15":{"start":{"line":37,"column":12},"end":{"line":37,"column":27}},"16":{"start":{"line":40,"column":12},"end":{"line":43,"column":15}},"17":{"start":{"line":47,"column":4},"end":{"line":49,"column":6}},"18":{"start":{"line":51,"column":4},"end":{"line":73,"column":6}},"19":{"start":{"line":52,"column":19},"end":{"line":52,"column":32}},"20":{"start":{"line":53,"column":8},"end":{"line":72,"column":11}},"21":{"start":{"line":57,"column":12},"end":{"line":66,"column":13}},"22":{"start":{"line":58,"column":16},"end":{"line":60,"column":19}},"23":{"start":{"line":61,"column":16},"end":{"line":61,"column":55}},"24":{"start":{"line":63,"column":16},"end":{"line":65,"column":19}},"25":{"start":{"line":69,"column":12},"end":{"line":71,"column":15}},"26":{"start":{"line":75,"column":4},"end":{"line":97,"column":6}},"27":{"start":{"line":76,"column":19},"end":{"line":76,"column":32}},"28":{"start":{"line":77,"column":8},"end":{"line":96,"column":13}},"29":{"start":{"line":81,"column":12},"end":{"line":90,"column":13}},"30":{"start":{"line":82,"column":14},"end":{"line":84,"column":17}},"31":{"start":{"line":85,"column":14},"end":{"line":85,"column":53}},"32":{"start":{"line":87,"column":14},"end":{"line":89,"column":17}},"33":{"start":{"line":93,"column":12},"end":{"line":95,"column":15}},"34":{"start":{"line":100,"column":0},"end":{"line":106,"column":1}}},"fnMap":{"0":{"name":"(anonymous_0)","decl":{"start":{"line":7,"column":19},"end":{"line":7,"column":20}},"loc":{"start":{"line":7,"column":33},"end":{"line":32,"column":3}},"line":7},"1":{"name":"(anonymous_1)","decl":{"start":{"line":22,"column":12},"end":{"line":22,"column":13}},"loc":{"start":{"line":22,"column":20},"end":{"line":25,"column":7}},"line":22},"2":{"name":"(anonymous_2)","decl":{"start":{"line":26,"column":13},"end":{"line":26,"column":14}},"loc":{"start":{"line":26,"column":20},"end":{"line":31,"column":7}},"line":26},"3":{"name":"(anonymous_3)","decl":{"start":{"line":34,"column":18},"end":{"line":34,"column":19}},"loc":{"start":{"line":34,"column":32},"end":{"line":45,"column":5}},"line":34},"4":{"name":"(anonymous_4)","decl":{"start":{"line":36,"column":18},"end":{"line":36,"column":19}},"loc":{"start":{"line":36,"column":26},"end":{"line":38,"column":13}},"line":36},"5":{"name":"(anonymous_5)","decl":{"start":{"line":39,"column":19},"end":{"line":39,"column":20}},"loc":{"start":{"line":39,"column":26},"end":{"line":44,"column":9}},"line":39},"6":{"name":"(anonymous_6)","decl":{"start":{"line":47,"column":18},"end":{"line":47,"column":19}},"loc":{"start":{"line":47,"column":32},"end":{"line":49,"column":5}},"line":47},"7":{"name":"(anonymous_7)","decl":{"start":{"line":51,"column":17},"end":{"line":51,"column":18}},"loc":{"start":{"line":51,"column":31},"end":{"line":73,"column":5}},"line":51},"8":{"name":"(anonymous_8)","decl":{"start":{"line":56,"column":18},"end":{"line":56,"column":19}},"loc":{"start":{"line":56,"column":25},"end":{"line":67,"column":13}},"line":56},"9":{"name":"(anonymous_9)","decl":{"start":{"line":68,"column":19},"end":{"line":68,"column":20}},"loc":{"start":{"line":68,"column":26},"end":{"line":72,"column":9}},"line":68},"10":{"name":"(anonymous_10)","decl":{"start":{"line":75,"column":17},"end":{"line":75,"column":18}},"loc":{"start":{"line":75,"column":31},"end":{"line":97,"column":5}},"line":75},"11":{"name":"(anonymous_11)","decl":{"start":{"line":80,"column":16},"end":{"line":80,"column":17}},"loc":{"start":{"line":80,"column":23},"end":{"line":91,"column":11}},"line":80},"12":{"name":"(anonymous_12)","decl":{"start":{"line":92,"column":17},"end":{"line":92,"column":18}},"loc":{"start":{"line":92,"column":24},"end":{"line":96,"column":11}},"line":92}},"branchMap":{"0":{"loc":{"start":{"line":10,"column":4},"end":{"line":14,"column":5}},"type":"if","locations":[{"start":{"line":10,"column":4},"end":{"line":14,"column":5}},{"start":{},"end":{}}],"line":10},"1":{"loc":{"start":{"line":29,"column":12},"end":{"line":29,"column":73}},"type":"binary-expr","locations":[{"start":{"line":29,"column":12},"end":{"line":29,"column":23}},{"start":{"line":29,"column":27},"end":{"line":29,"column":73}}],"line":29},"2":{"loc":{"start":{"line":42,"column":16},"end":{"line":42,"column":76}},"type":"binary-expr","locations":[{"start":{"line":42,"column":16},"end":{"line":42,"column":27}},{"start":{"line":42,"column":31},"end":{"line":42,"column":76}}],"line":42},"3":{"loc":{"start":{"line":57,"column":12},"end":{"line":66,"column":13}},"type":"if","locations":[{"start":{"line":57,"column":12},"end":{"line":66,"column":13}},{"start":{"line":62,"column":19},"end":{"line":66,"column":13}}],"line":57},"4":{"loc":{"start":{"line":81,"column":12},"end":{"line":90,"column":13}},"type":"if","locations":[{"start":{"line":81,"column":12},"end":{"line":90,"column":13}},{"start":{"line":86,"column":19},"end":{"line":90,"column":13}}],"line":81}},"s":{"0":3,"1":3,"2":3,"3":3,"4":3,"5":0,"6":0,"7":0,"8":0,"9":0,"10":0,"11":0,"12":0,"13":3,"14":0,"15":0,"16":0,"17":3,"18":3,"19":0,"20":0,"21":0,"22":0,"23":0,"24":0,"25":0,"26":3,"27":0,"28":0,"29":0,"30":0,"31":0,"32":0,"33":0,"34":3},"f":{"0":0,"1":0,"2":0,"3":0,"4":0,"5":0,"6":0,"7":0,"8":0,"9":0,"10":0,"11":0,"12":0},"b":{"0":[0,0],"1":[0,0],"2":[0,0],"3":[0,0],"4":[0,0]},"_coverageSchema":"1a1c01bbd47fc00a2c39e90264f33305004495a9","hash":"f460ba6969081ca10210212bf17ab3d9fc436dd9"}
,"D:\\Escritorio\\Node\\challenge\\controllers\\user_controller.js": {"path":"D:\\Escritorio\\Node\\challenge\\controllers\\user_controller.js","statementMap":{"0":{"start":{"line":1,"column":13},"end":{"line":1,"column":32}},"1":{"start":{"line":2,"column":22},"end":{"line":2,"column":57}},"2":{"start":{"line":3,"column":11},"end":{"line":3,"column":31}},"3":{"start":{"line":4,"column":58},"end":{"line":4,"column":89}},"4":{"start":{"line":6,"column":13},"end":{"line":6,"column":21}},"5":{"start":{"line":9,"column":19},"end":{"line":44,"column":3}},"6":{"start":{"line":11,"column":22},"end":{"line":11,"column":55}},"7":{"start":{"line":12,"column":4},"end":{"line":16,"column":5}},"8":{"start":{"line":13,"column":6},"end":{"line":15,"column":7}},"9":{"start":{"line":18,"column":23},"end":{"line":18,"column":77}},"10":{"start":{"line":19,"column":4},"end":{"line":23,"column":5}},"11":{"start":{"line":20,"column":8},"end":{"line":22,"column":9}},"12":{"start":{"line":27,"column":17},"end":{"line":32,"column":5}},"13":{"start":{"line":34,"column":4},"end":{"line":43,"column":9}},"14":{"start":{"line":36,"column":8},"end":{"line":36,"column":23}},"15":{"start":{"line":39,"column":8},"end":{"line":42,"column":11}},"16":{"start":{"line":47,"column":16},"end":{"line":88,"column":3}},"17":{"start":{"line":48,"column":24},"end":{"line":48,"column":54}},"18":{"start":{"line":49,"column":6},"end":{"line":53,"column":7}},"19":{"start":{"line":50,"column":8},"end":{"line":52,"column":9}},"20":{"start":{"line":55,"column":6},"end":{"line":87,"column":7}},"21":{"start":{"line":56,"column":36},"end":{"line":56,"column":44}},"22":{"start":{"line":57,"column":21},"end":{"line":57,"column":58}},"23":{"start":{"line":59,"column":8},"end":{"line":62,"column":9}},"24":{"start":{"line":60,"column":12},"end":{"line":60,"column":27}},"25":{"start":{"line":61,"column":12},"end":{"line":61,"column":49}},"26":{"start":{"line":64,"column":30},"end":{"line":64,"column":75}},"27":{"start":{"line":66,"column":29},"end":{"line":66,"column":50}},"28":{"start":{"line":68,"column":8},"end":{"line":74,"column":9}},"29":{"start":{"line":69,"column":12},"end":{"line":72,"column":14}},"30":{"start":{"line":73,"column":12},"end":{"line":73,"column":18}},"31":{"start":{"line":76,"column":8},"end":{"line":82,"column":9}},"32":{"start":{"line":77,"column":12},"end":{"line":77,"column":27}},"33":{"start":{"line":78,"column":12},"end":{"line":80,"column":14}},"34":{"start":{"line":81,"column":12},"end":{"line":81,"column":18}},"35":{"start":{"line":85,"column":8},"end":{"line":85,"column":23}},"36":{"start":{"line":86,"column":10},"end":{"line":86,"column":22}},"37":{"start":{"line":91,"column":4},"end":{"line":102,"column":6}},"38":{"start":{"line":92,"column":8},"end":{"line":101,"column":11}},"39":{"start":{"line":94,"column":12},"end":{"line":94,"column":27}},"40":{"start":{"line":97,"column":12},"end":{"line":100,"column":15}},"41":{"start":{"line":104,"column":4},"end":{"line":131,"column":6}},"42":{"start":{"line":105,"column":26},"end":{"line":105,"column":61}},"43":{"start":{"line":106,"column":8},"end":{"line":110,"column":9}},"44":{"start":{"line":107,"column":10},"end":{"line":109,"column":11}},"45":{"start":{"line":111,"column":19},"end":{"line":111,"column":32}},"46":{"start":{"line":112,"column":8},"end":{"line":130,"column":11}},"47":{"start":{"line":116,"column":12},"end":{"line":124,"column":13}},"48":{"start":{"line":117,"column":16},"end":{"line":119,"column":19}},"49":{"start":{"line":121,"column":16},"end":{"line":123,"column":19}},"50":{"start":{"line":127,"column":12},"end":{"line":129,"column":15}},"51":{"start":{"line":134,"column":4},"end":{"line":155,"column":6}},"52":{"start":{"line":135,"column":19},"end":{"line":135,"column":32}},"53":{"start":{"line":136,"column":8},"end":{"line":154,"column":13}},"54":{"start":{"line":140,"column":12},"end":{"line":148,"column":13}},"55":{"start":{"line":141,"column":14},"end":{"line":143,"column":17}},"56":{"start":{"line":145,"column":14},"end":{"line":147,"column":17}},"57":{"start":{"line":151,"column":12},"end":{"line":153,"column":15}},"58":{"start":{"line":158,"column":0},"end":{"line":164,"column":1}}},"fnMap":{"0":{"name":"(anonymous_0)","decl":{"start":{"line":9,"column":19},"end":{"line":9,"column":20}},"loc":{"start":{"line":9,"column":38},"end":{"line":44,"column":3}},"line":9},"1":{"name":"(anonymous_1)","decl":{"start":{"line":35,"column":12},"end":{"line":35,"column":13}},"loc":{"start":{"line":35,"column":20},"end":{"line":37,"column":7}},"line":35},"2":{"name":"(anonymous_2)","decl":{"start":{"line":38,"column":13},"end":{"line":38,"column":14}},"loc":{"start":{"line":38,"column":20},"end":{"line":43,"column":7}},"line":38},"3":{"name":"(anonymous_3)","decl":{"start":{"line":47,"column":16},"end":{"line":47,"column":17}},"loc":{"start":{"line":47,"column":35},"end":{"line":88,"column":3}},"line":47},"4":{"name":"(anonymous_4)","decl":{"start":{"line":91,"column":18},"end":{"line":91,"column":19}},"loc":{"start":{"line":91,"column":32},"end":{"line":102,"column":5}},"line":91},"5":{"name":"(anonymous_5)","decl":{"start":{"line":93,"column":18},"end":{"line":93,"column":19}},"loc":{"start":{"line":93,"column":26},"end":{"line":95,"column":13}},"line":93},"6":{"name":"(anonymous_6)","decl":{"start":{"line":96,"column":19},"end":{"line":96,"column":20}},"loc":{"start":{"line":96,"column":26},"end":{"line":101,"column":9}},"line":96},"7":{"name":"(anonymous_7)","decl":{"start":{"line":104,"column":17},"end":{"line":104,"column":18}},"loc":{"start":{"line":104,"column":31},"end":{"line":131,"column":5}},"line":104},"8":{"name":"(anonymous_8)","decl":{"start":{"line":115,"column":18},"end":{"line":115,"column":19}},"loc":{"start":{"line":115,"column":25},"end":{"line":125,"column":13}},"line":115},"9":{"name":"(anonymous_9)","decl":{"start":{"line":126,"column":19},"end":{"line":126,"column":20}},"loc":{"start":{"line":126,"column":26},"end":{"line":130,"column":9}},"line":126},"10":{"name":"(anonymous_10)","decl":{"start":{"line":134,"column":17},"end":{"line":134,"column":18}},"loc":{"start":{"line":134,"column":31},"end":{"line":155,"column":5}},"line":134},"11":{"name":"(anonymous_11)","decl":{"start":{"line":139,"column":16},"end":{"line":139,"column":17}},"loc":{"start":{"line":139,"column":23},"end":{"line":149,"column":11}},"line":139},"12":{"name":"(anonymous_12)","decl":{"start":{"line":150,"column":17},"end":{"line":150,"column":18}},"loc":{"start":{"line":150,"column":24},"end":{"line":154,"column":11}},"line":150}},"branchMap":{"0":{"loc":{"start":{"line":12,"column":4},"end":{"line":16,"column":5}},"type":"if","locations":[{"start":{"line":12,"column":4},"end":{"line":16,"column":5}},{"start":{},"end":{}}],"line":12},"1":{"loc":{"start":{"line":19,"column":4},"end":{"line":23,"column":5}},"type":"if","locations":[{"start":{"line":19,"column":4},"end":{"line":23,"column":5}},{"start":{},"end":{}}],"line":19},"2":{"loc":{"start":{"line":30,"column":12},"end":{"line":30,"column":50}},"type":"cond-expr","locations":[{"start":{"line":30,"column":28},"end":{"line":30,"column":41}},{"start":{"line":30,"column":44},"end":{"line":30,"column":50}}],"line":30},"3":{"loc":{"start":{"line":41,"column":12},"end":{"line":41,"column":73}},"type":"binary-expr","locations":[{"start":{"line":41,"column":12},"end":{"line":41,"column":23}},{"start":{"line":41,"column":27},"end":{"line":41,"column":73}}],"line":41},"4":{"loc":{"start":{"line":49,"column":6},"end":{"line":53,"column":7}},"type":"if","locations":[{"start":{"line":49,"column":6},"end":{"line":53,"column":7}},{"start":{},"end":{}}],"line":49},"5":{"loc":{"start":{"line":59,"column":8},"end":{"line":62,"column":9}},"type":"if","locations":[{"start":{"line":59,"column":8},"end":{"line":62,"column":9}},{"start":{},"end":{}}],"line":59},"6":{"loc":{"start":{"line":68,"column":8},"end":{"line":74,"column":9}},"type":"if","locations":[{"start":{"line":68,"column":8},"end":{"line":74,"column":9}},{"start":{},"end":{}}],"line":68},"7":{"loc":{"start":{"line":76,"column":8},"end":{"line":82,"column":9}},"type":"if","locations":[{"start":{"line":76,"column":8},"end":{"line":82,"column":9}},{"start":{},"end":{}}],"line":76},"8":{"loc":{"start":{"line":99,"column":16},"end":{"line":99,"column":76}},"type":"binary-expr","locations":[{"start":{"line":99,"column":16},"end":{"line":99,"column":27}},{"start":{"line":99,"column":31},"end":{"line":99,"column":76}}],"line":99},"9":{"loc":{"start":{"line":106,"column":8},"end":{"line":110,"column":9}},"type":"if","locations":[{"start":{"line":106,"column":8},"end":{"line":110,"column":9}},{"start":{},"end":{}}],"line":106},"10":{"loc":{"start":{"line":116,"column":12},"end":{"line":124,"column":13}},"type":"if","locations":[{"start":{"line":116,"column":12},"end":{"line":124,"column":13}},{"start":{"line":120,"column":19},"end":{"line":124,"column":13}}],"line":116},"11":{"loc":{"start":{"line":140,"column":12},"end":{"line":148,"column":13}},"type":"if","locations":[{"start":{"line":140,"column":12},"end":{"line":148,"column":13}},{"start":{"line":144,"column":19},"end":{"line":148,"column":13}}],"line":140}},"s":{"0":3,"1":3,"2":3,"3":3,"4":3,"5":3,"6":0,"7":0,"8":0,"9":0,"10":0,"11":0,"12":0,"13":0,"14":0,"15":0,"16":3,"17":1,"18":1,"19":0,"20":1,"21":1,"22":0,"23":0,"24":0,"25":0,"26":0,"27":0,"28":0,"29":0,"30":0,"31":0,"32":0,"33":0,"34":0,"35":1,"36":1,"37":3,"38":0,"39":0,"40":0,"41":3,"42":0,"43":0,"44":0,"45":0,"46":0,"47":0,"48":0,"49":0,"50":0,"51":3,"52":0,"53":0,"54":0,"55":0,"56":0,"57":0,"58":3},"f":{"0":0,"1":0,"2":0,"3":1,"4":0,"5":0,"6":0,"7":0,"8":0,"9":0,"10":0,"11":0,"12":0},"b":{"0":[0,0],"1":[0,0],"2":[0,0],"3":[0,0],"4":[0,1],"5":[0,0],"6":[0,0],"7":[0,0],"8":[0,0],"9":[0,0],"10":[0,0],"11":[0,0]},"_coverageSchema":"1a1c01bbd47fc00a2c39e90264f33305004495a9","hash":"d23910921c0a08c8fc41031db69f35dc3f1b6a7a"}
,"D:\\Escritorio\\Node\\challenge\\helpers\\generateToken.js": {"path":"D:\\Escritorio\\Node\\challenge\\helpers\\generateToken.js","statementMap":{"0":{"start":{"line":1,"column":12},"end":{"line":1,"column":35}},"1":{"start":{"line":3,"column":18},"end":{"line":14,"column":1}},"2":{"start":{"line":4,"column":4},"end":{"line":13,"column":6}},"3":{"start":{"line":16,"column":20},"end":{"line":22,"column":1}},"4":{"start":{"line":17,"column":4},"end":{"line":21,"column":5}},"5":{"start":{"line":18,"column":8},"end":{"line":18,"column":56}},"6":{"start":{"line":20,"column":8},"end":{"line":20,"column":19}},"7":{"start":{"line":24,"column":19},"end":{"line":26,"column":1}},"8":{"start":{"line":25,"column":4},"end":{"line":25,"column":34}},"9":{"start":{"line":30,"column":0},"end":{"line":30,"column":55}}},"fnMap":{"0":{"name":"(anonymous_0)","decl":{"start":{"line":3,"column":18},"end":{"line":3,"column":19}},"loc":{"start":{"line":3,"column":34},"end":{"line":14,"column":1}},"line":3},"1":{"name":"(anonymous_1)","decl":{"start":{"line":16,"column":20},"end":{"line":16,"column":21}},"loc":{"start":{"line":16,"column":37},"end":{"line":22,"column":1}},"line":16},"2":{"name":"(anonymous_2)","decl":{"start":{"line":24,"column":19},"end":{"line":24,"column":20}},"loc":{"start":{"line":24,"column":30},"end":{"line":26,"column":1}},"line":24}},"branchMap":{},"s":{"0":3,"1":3,"2":0,"3":3,"4":1,"5":1,"6":1,"7":3,"8":0,"9":3},"f":{"0":0,"1":1,"2":0},"b":{},"_coverageSchema":"1a1c01bbd47fc00a2c39e90264f33305004495a9","hash":"ebb61041afb8661f0a508a5bc6241251e40dcd62"}
,"D:\\Escritorio\\Node\\challenge\\helpers\\validator.js": {"path":"D:\\Escritorio\\Node\\challenge\\helpers\\validator.js","statementMap":{"0":{"start":{"line":1,"column":12},"end":{"line":1,"column":32}},"1":{"start":{"line":4,"column":23},"end":{"line":10,"column":2}},"2":{"start":{"line":13,"column":25},"end":{"line":19,"column":2}},"3":{"start":{"line":21,"column":20},"end":{"line":24,"column":2}},"4":{"start":{"line":27,"column":28},"end":{"line":31,"column":2}},"5":{"start":{"line":32,"column":28},"end":{"line":34,"column":2}},"6":{"start":{"line":36,"column":25},"end":{"line":39,"column":2}},"7":{"start":{"line":41,"column":25},"end":{"line":43,"column":2}},"8":{"start":{"line":45,"column":0},"end":{"line":53,"column":1}}},"fnMap":{},"branchMap":{},"s":{"0":3,"1":3,"2":3,"3":3,"4":3,"5":3,"6":3,"7":3,"8":3},"f":{},"b":{},"_coverageSchema":"1a1c01bbd47fc00a2c39e90264f33305004495a9","hash":"c0fcc53fbf2e19a11f8471b87757c3fc6c96fff7"}
,"D:\\Escritorio\\Node\\challenge\\middleware\\auth.js": {"path":"D:\\Escritorio\\Node\\challenge\\middleware\\auth.js","statementMap":{"0":{"start":{"line":1,"column":24},"end":{"line":1,"column":59}},"1":{"start":{"line":3,"column":18},"end":{"line":21,"column":1}},"2":{"start":{"line":4,"column":4},"end":{"line":19,"column":5}},"3":{"start":{"line":5,"column":22},"end":{"line":5,"column":47}},"4":{"start":{"line":6,"column":26},"end":{"line":6,"column":50}},"5":{"start":{"line":7,"column":8},"end":{"line":7,"column":31}},"6":{"start":{"line":8,"column":8},"end":{"line":13,"column":9}},"7":{"start":{"line":9,"column":12},"end":{"line":9,"column":18}},"8":{"start":{"line":11,"column":12},"end":{"line":11,"column":27}},"9":{"start":{"line":12,"column":12},"end":{"line":12,"column":58}},"10":{"start":{"line":16,"column":8},"end":{"line":16,"column":22}},"11":{"start":{"line":17,"column":8},"end":{"line":17,"column":23}},"12":{"start":{"line":18,"column":8},"end":{"line":18,"column":54}},"13":{"start":{"line":23,"column":0},"end":{"line":23,"column":26}}},"fnMap":{"0":{"name":"(anonymous_0)","decl":{"start":{"line":3,"column":18},"end":{"line":3,"column":19}},"loc":{"start":{"line":3,"column":44},"end":{"line":21,"column":1}},"line":3}},"branchMap":{"0":{"loc":{"start":{"line":8,"column":8},"end":{"line":13,"column":9}},"type":"if","locations":[{"start":{"line":8,"column":8},"end":{"line":13,"column":9}},{"start":{"line":10,"column":15},"end":{"line":13,"column":9}}],"line":8}},"s":{"0":3,"1":3,"2":1,"3":1,"4":1,"5":1,"6":1,"7":0,"8":0,"9":0,"10":1,"11":1,"12":0,"13":3},"f":{"0":1},"b":{"0":[0,0]},"_coverageSchema":"1a1c01bbd47fc00a2c39e90264f33305004495a9","hash":"2a7f772de48eda43a72b2a2d0bf7846ce6338e11"}
,"D:\\Escritorio\\Node\\challenge\\middleware\\roleAuth.js": {"path":"D:\\Escritorio\\Node\\challenge\\middleware\\roleAuth.js","statementMap":{"0":{"start":{"line":1,"column":24},"end":{"line":1,"column":59}},"1":{"start":{"line":2,"column":11},"end":{"line":2,"column":31}},"2":{"start":{"line":4,"column":13},"end":{"line":4,"column":21}},"3":{"start":{"line":6,"column":22},"end":{"line":32,"column":1}},"4":{"start":{"line":6,"column":33},"end":{"line":32,"column":1}},"5":{"start":{"line":7,"column":4},"end":{"line":30,"column":5}},"6":{"start":{"line":8,"column":22},"end":{"line":8,"column":47}},"7":{"start":{"line":9,"column":26},"end":{"line":9,"column":50}},"8":{"start":{"line":10,"column":25},"end":{"line":10,"column":58}},"9":{"start":{"line":20,"column":8},"end":{"line":25,"column":9}},"10":{"start":{"line":21,"column":12},"end":{"line":21,"column":18}},"11":{"start":{"line":23,"column":12},"end":{"line":23,"column":27}},"12":{"start":{"line":24,"column":8},"end":{"line":24,"column":97}},"13":{"start":{"line":28,"column":8},"end":{"line":28,"column":23}},"14":{"start":{"line":29,"column":8},"end":{"line":29,"column":97}},"15":{"start":{"line":34,"column":0},"end":{"line":34,"column":30}}},"fnMap":{"0":{"name":"(anonymous_0)","decl":{"start":{"line":6,"column":22},"end":{"line":6,"column":23}},"loc":{"start":{"line":6,"column":33},"end":{"line":32,"column":1}},"line":6},"1":{"name":"(anonymous_1)","decl":{"start":{"line":6,"column":33},"end":{"line":6,"column":34}},"loc":{"start":{"line":6,"column":59},"end":{"line":32,"column":1}},"line":6}},"branchMap":{"0":{"loc":{"start":{"line":20,"column":8},"end":{"line":25,"column":9}},"type":"if","locations":[{"start":{"line":20,"column":8},"end":{"line":25,"column":9}},{"start":{"line":22,"column":15},"end":{"line":25,"column":9}}],"line":20}},"s":{"0":3,"1":3,"2":3,"3":3,"4":30,"5":0,"6":0,"7":0,"8":0,"9":0,"10":0,"11":0,"12":0,"13":0,"14":0,"15":3},"f":{"0":30,"1":0},"b":{"0":[0,0]},"_coverageSchema":"1a1c01bbd47fc00a2c39e90264f33305004495a9","hash":"c666c99f8bc501b7b8847cde31c86a561e8d1452"}
,"D:\\Escritorio\\Node\\challenge\\models\\comments.js": {"path":"D:\\Escritorio\\Node\\challenge\\models\\comments.js","statementMap":{"0":{"start":{"line":1,"column":0},"end":{"line":8,"column":4}},"1":{"start":{"line":2,"column":20},"end":{"line":6,"column":6}},"2":{"start":{"line":7,"column":4},"end":{"line":7,"column":19}}},"fnMap":{"0":{"name":"(anonymous_0)","decl":{"start":{"line":1,"column":17},"end":{"line":1,"column":18}},"loc":{"start":{"line":1,"column":43},"end":{"line":8,"column":3}},"line":1}},"branchMap":{},"s":{"0":3,"1":3,"2":3},"f":{"0":3},"b":{},"_coverageSchema":"1a1c01bbd47fc00a2c39e90264f33305004495a9","hash":"83812890b45dee36829ec7bb7e6161cfd2d3b960"}
,"D:\\Escritorio\\Node\\challenge\\models\\index.js": {"path":"D:\\Escritorio\\Node\\challenge\\models\\index.js","statementMap":{"0":{"start":{"line":1,"column":17},"end":{"line":1,"column":43}},"1":{"start":{"line":2,"column":18},"end":{"line":2,"column":38}},"2":{"start":{"line":4,"column":18},"end":{"line":14,"column":2}},"3":{"start":{"line":16,"column":11},"end":{"line":16,"column":13}},"4":{"start":{"line":17,"column":0},"end":{"line":17,"column":25}},"5":{"start":{"line":18,"column":0},"end":{"line":18,"column":25}},"6":{"start":{"line":19,"column":0},"end":{"line":19,"column":52}},"7":{"start":{"line":20,"column":0},"end":{"line":20,"column":52}},"8":{"start":{"line":21,"column":0},"end":{"line":21,"column":58}},"9":{"start":{"line":22,"column":0},"end":{"line":22,"column":50}},"10":{"start":{"line":24,"column":0},"end":{"line":28,"column":3}},"11":{"start":{"line":29,"column":0},"end":{"line":32,"column":3}},"12":{"start":{"line":34,"column":0},"end":{"line":38,"column":3}},"13":{"start":{"line":39,"column":0},"end":{"line":42,"column":3}},"14":{"start":{"line":44,"column":0},"end":{"line":48,"column":3}},"15":{"start":{"line":49,"column":0},"end":{"line":52,"column":3}},"16":{"start":{"line":54,"column":0},"end":{"line":58,"column":3}},"17":{"start":{"line":59,"column":0},"end":{"line":62,"column":3}},"18":{"start":{"line":67,"column":0},"end":{"line":67,"column":20}}},"fnMap":{},"branchMap":{},"s":{"0":3,"1":3,"2":3,"3":3,"4":3,"5":3,"6":3,"7":3,"8":3,"9":3,"10":3,"11":3,"12":3,"13":3,"14":3,"15":3,"16":3,"17":3,"18":3},"f":{},"b":{},"_coverageSchema":"1a1c01bbd47fc00a2c39e90264f33305004495a9","hash":"97717801adc083a834e0da96772745f2b8a9ff38"}
,"D:\\Escritorio\\Node\\challenge\\models\\logs.js": {"path":"D:\\Escritorio\\Node\\challenge\\models\\logs.js","statementMap":{"0":{"start":{"line":1,"column":0},"end":{"line":17,"column":4}},"1":{"start":{"line":2,"column":16},"end":{"line":15,"column":6}},"2":{"start":{"line":16,"column":4},"end":{"line":16,"column":15}}},"fnMap":{"0":{"name":"(anonymous_0)","decl":{"start":{"line":1,"column":17},"end":{"line":1,"column":18}},"loc":{"start":{"line":1,"column":43},"end":{"line":17,"column":3}},"line":1}},"branchMap":{},"s":{"0":3,"1":3,"2":3},"f":{"0":3},"b":{},"_coverageSchema":"1a1c01bbd47fc00a2c39e90264f33305004495a9","hash":"2cbab058b10abec97fd2605425e76f214eae6f74"}
,"D:\\Escritorio\\Node\\challenge\\models\\posts.js": {"path":"D:\\Escritorio\\Node\\challenge\\models\\posts.js","statementMap":{"0":{"start":{"line":1,"column":0},"end":{"line":8,"column":4}},"1":{"start":{"line":2,"column":17},"end":{"line":6,"column":6}},"2":{"start":{"line":7,"column":4},"end":{"line":7,"column":16}}},"fnMap":{"0":{"name":"(anonymous_0)","decl":{"start":{"line":1,"column":17},"end":{"line":1,"column":18}},"loc":{"start":{"line":1,"column":43},"end":{"line":8,"column":3}},"line":1}},"branchMap":{},"s":{"0":3,"1":3,"2":3},"f":{"0":3},"b":{},"_coverageSchema":"1a1c01bbd47fc00a2c39e90264f33305004495a9","hash":"4d93eeaee5de9a0abfe44ba25829c7ea56fe755d"}
,"D:\\Escritorio\\Node\\challenge\\models\\users.js": {"path":"D:\\Escritorio\\Node\\challenge\\models\\users.js","statementMap":{"0":{"start":{"line":1,"column":0},"end":{"line":17,"column":4}},"1":{"start":{"line":2,"column":17},"end":{"line":15,"column":6}},"2":{"start":{"line":16,"column":4},"end":{"line":16,"column":16}}},"fnMap":{"0":{"name":"(anonymous_0)","decl":{"start":{"line":1,"column":17},"end":{"line":1,"column":18}},"loc":{"start":{"line":1,"column":43},"end":{"line":17,"column":3}},"line":1}},"branchMap":{},"s":{"0":3,"1":3,"2":3},"f":{"0":3},"b":{},"_coverageSchema":"1a1c01bbd47fc00a2c39e90264f33305004495a9","hash":"760f1ec4d426753538656219697b13f862921137"}
,"D:\\Escritorio\\Node\\challenge\\routes\\routes.js": {"path":"D:\\Escritorio\\Node\\challenge\\routes\\routes.js","statementMap":{"0":{"start":{"line":1,"column":13},"end":{"line":1,"column":54}},"1":{"start":{"line":2,"column":13},"end":{"line":2,"column":54}},"2":{"start":{"line":3,"column":16},"end":{"line":3,"column":60}},"3":{"start":{"line":4,"column":22},"end":{"line":4,"column":55}},"4":{"start":{"line":5,"column":18},"end":{"line":5,"column":47}},"5":{"start":{"line":6,"column":24},"end":{"line":6,"column":64}},"6":{"start":{"line":9,"column":13},"end":{"line":9,"column":40}},"7":{"start":{"line":12,"column":0},"end":{"line":12,"column":97}},"8":{"start":{"line":13,"column":0},"end":{"line":13,"column":34}},"9":{"start":{"line":14,"column":0},"end":{"line":14,"column":42}},"10":{"start":{"line":15,"column":0},"end":{"line":15,"column":96}},"11":{"start":{"line":16,"column":0},"end":{"line":16,"column":102}},"12":{"start":{"line":19,"column":0},"end":{"line":19,"column":34}},"13":{"start":{"line":20,"column":0},"end":{"line":20,"column":75}},"14":{"start":{"line":21,"column":0},"end":{"line":21,"column":75}},"15":{"start":{"line":22,"column":0},"end":{"line":22,"column":78}},"16":{"start":{"line":23,"column":0},"end":{"line":23,"column":80}},"17":{"start":{"line":26,"column":0},"end":{"line":26,"column":47}},"18":{"start":{"line":27,"column":0},"end":{"line":27,"column":51}},"19":{"start":{"line":28,"column":0},"end":{"line":28,"column":101}},"20":{"start":{"line":29,"column":0},"end":{"line":29,"column":104}},"21":{"start":{"line":31,"column":0},"end":{"line":31,"column":70}},"22":{"start":{"line":33,"column":0},"end":{"line":33,"column":24}}},"fnMap":{},"branchMap":{},"s":{"0":3,"1":3,"2":3,"3":3,"4":3,"5":3,"6":3,"7":3,"8":3,"9":3,"10":3,"11":3,"12":3,"13":3,"14":3,"15":3,"16":3,"17":3,"18":3,"19":3,"20":3,"21":3,"22":3},"f":{},"b":{},"_coverageSchema":"1a1c01bbd47fc00a2c39e90264f33305004495a9","hash":"3c287fe715e39bc211203c9d04940fd800b7b316"}
}
